The system is: Linux - 3.10.0-514.6.1.el7.x86_64 - x86_64
Compiling the C compiler identification source file "CMakeCCompilerId.c" succeeded.
Compiler: /opt/intel/Compiler/16.0/2.181/rwthlnk/bin/intel64/icc 
Build flags: 
Id flags: 

The output was:
0


Compilation of the C compiler identification source "CMakeCCompilerId.c" produced "a.out"

The C compiler identification is Intel, found in "/home/cm654063/TopoRecognizer/build/CMakeFiles/2.8.12.2/CompilerIdC/a.out"

Compiling the CXX compiler identification source file "CMakeCXXCompilerId.cpp" succeeded.
Compiler: /opt/intel/Compiler/16.0/2.181/rwthlnk/bin/intel64/icpc 
Build flags: 
Id flags: 

The output was:
0


Compilation of the CXX compiler identification source "CMakeCXXCompilerId.cpp" produced "a.out"

The CXX compiler identification is Intel, found in "/home/cm654063/TopoRecognizer/build/CMakeFiles/2.8.12.2/CompilerIdCXX/a.out"

Determining if the C compiler works passed with the following output:
Change Dir: /home/cm654063/TopoRecognizer/build/CMakeFiles/CMakeTmp

Run Build Command:/usr/local_rwth/bin/gmake "cmTryCompileExec1510574685/fast"
/usr/local_rwth/bin/gmake -f CMakeFiles/cmTryCompileExec1510574685.dir/build.make CMakeFiles/cmTryCompileExec1510574685.dir/build
gmake[1]: Entering directory `/rwthfs/rz/cluster/home/cm654063/TopoRecognizer/build/CMakeFiles/CMakeTmp'
/usr/bin/cmake -E cmake_progress_report /home/cm654063/TopoRecognizer/build/CMakeFiles/CMakeTmp/CMakeFiles 1
Building C object CMakeFiles/cmTryCompileExec1510574685.dir/testCCompiler.c.o
/opt/intel/Compiler/16.0/2.181/rwthlnk/bin/intel64/icc    -o CMakeFiles/cmTryCompileExec1510574685.dir/testCCompiler.c.o   -c /home/cm654063/TopoRecognizer/build/CMakeFiles/CMakeTmp/testCCompiler.c
Linking C executable cmTryCompileExec1510574685
/usr/bin/cmake -E cmake_link_script CMakeFiles/cmTryCompileExec1510574685.dir/link.txt --verbose=1
/opt/intel/Compiler/16.0/2.181/rwthlnk/bin/intel64/icc       CMakeFiles/cmTryCompileExec1510574685.dir/testCCompiler.c.o  -o cmTryCompileExec1510574685 -rdynamic 
gmake[1]: Leaving directory `/rwthfs/rz/cluster/home/cm654063/TopoRecognizer/build/CMakeFiles/CMakeTmp'


Detecting C compiler ABI info compiled with the following output:
Change Dir: /home/cm654063/TopoRecognizer/build/CMakeFiles/CMakeTmp

Run Build Command:/usr/local_rwth/bin/gmake "cmTryCompileExec4262328452/fast"
/usr/local_rwth/bin/gmake -f CMakeFiles/cmTryCompileExec4262328452.dir/build.make CMakeFiles/cmTryCompileExec4262328452.dir/build
gmake[1]: Entering directory `/rwthfs/rz/cluster/home/cm654063/TopoRecognizer/build/CMakeFiles/CMakeTmp'
/usr/bin/cmake -E cmake_progress_report /home/cm654063/TopoRecognizer/build/CMakeFiles/CMakeTmp/CMakeFiles 1
Building C object CMakeFiles/cmTryCompileExec4262328452.dir/CMakeCCompilerABI.c.o
/opt/intel/Compiler/16.0/2.181/rwthlnk/bin/intel64/icc    -o CMakeFiles/cmTryCompileExec4262328452.dir/CMakeCCompilerABI.c.o   -c /usr/share/cmake/Modules/CMakeCCompilerABI.c
Linking C executable cmTryCompileExec4262328452
/usr/bin/cmake -E cmake_link_script CMakeFiles/cmTryCompileExec4262328452.dir/link.txt --verbose=1
/opt/intel/Compiler/16.0/2.181/rwthlnk/bin/intel64/icc     -v CMakeFiles/cmTryCompileExec4262328452.dir/CMakeCCompilerABI.c.o  -o cmTryCompileExec4262328452 -rdynamic  
icc version 16.0.2 (gcc version 4.8.5 compatibility)
/rwthfs/rz/SW/intel/Compiler/16.0/2.181/compilers_and_libraries_2016.2.181/linux/bin/intel64/mcpcom    -mGLOB_em64t=TRUE -mP1OPT_version=16.0-intel64 -mGLOB_diag_file=CMakeFiles/cmTryCompileExec4262328452.dir/CMakeCCompilerABI.c.diag -mP1OPT_print_version=FALSE -mCG_use_gas_got_workaround=F -mP2OPT_align_option_used=TRUE -mGLOB_gcc_version=485 "-mGLOB_options_string=-v -o cmTryCompileExec4262328452 -rdynamic" -mGLOB_cxx_limited_range=FALSE -mCG_extend_parms=FALSE -mGLOB_compiler_bin_directory=/rwthfs/rz/SW/intel/Compiler/16.0/2.181/compilers_and_libraries_2016.2.181/linux/bin/intel64 -mGLOB_as_output_backup_file_name=/tmp/cm654063/cluster-x_22152/iccrIO7Jgas_.s -mGLOB_dashboard_use_source_name -mIPOPT_activate -mGLOB_product_id_code=0x22006d91 -mP3OPT_use_mspp_call_convention -mP2OPT_subs_out_of_bound=FALSE -mP2OPT_disam_type_based_disam=2 -mP2OPT_disam_assume_ansi_c -mP2OPT_checked_disam_ansi_alias=TRUE -mGLOB_ansi_alias -mPGOPTI_value_profile_use=T -mGLOB_opt_report_use_source_name -mP2OPT_il0_array_sections=TRUE -mGLOB_offload_mode=1 -mP2OPT_offload_unique_var_string=icc0101877934480l41Zba -mP2OPT_hlo -mP2OPT_hpo_rtt_control=0 -mIPOPT_args_in_regs=0 -mP2OPT_disam_assume_nonstd_intent_in=FALSE -mGLOB_imf_mapping_library=/rwthfs/rz/SW/intel/Compiler/16.0/2.181/compilers_and_libraries_2016.2.181/linux/bin/intel64/libiml_attr.so -mPGOPTI_gen_threadsafe_level=0 -mIPOPT_link -mIPOPT_ipo_activate -mIPOPT_mo_activate -mIPOPT_source_files_list=/tmp/cm654063/cluster-x_22152/iccslisFy5KGz -mIPOPT_mo_global_data -mIPOPT_link_script_file=/tmp/cm654063/cluster-x_22152/iccscriptsTyvH8 "-mIPOPT_cmdline_link="/usr/lib/gcc/x86_64-redhat-linux/4.8.5/../../../../lib64/crt1.o" "/usr/lib/gcc/x86_64-redhat-linux/4.8.5/../../../../lib64/crti.o" "/usr/lib/gcc/x86_64-redhat-linux/4.8.5/crtbegin.o" "-export-dynamic" "--eh-frame-hdr" "--build-id" "-dynamic-linker" "/lib64/ld-linux-x86-64.so.2" "-m" "elf_x86_64" "-o" "cmTryCompileExec4262328452" "-L/opt/intel/Compiler/16.0/2.181/rwthlnk/daal/lib/intel64_lin" "-L/opt/intel/Compiler/16.0/2.181/rwthlnk/daal/lib/ia32_lin" "-L/opt/intel/Compiler/16.0/2.181/rwthlnk/daal/lib/intel64_lin_mic" "-L/opt/intel/Compiler/16.0/2.181/rwthlnk/ipp/lib/intel64_lin" "-L/opt/intel/Compiler/16.0/2.181/rwthlnk/ipp/lib/ia32_lin" "-L/opt/intel/Compiler/16.0/2.181/rwthlnk/ipp/lib/intel64_lin_mic" "-L/opt/intel/Compiler/16.0/2.181/rwthlnk/mkl/lib/intel64_lin" "-L/opt/intel/Compiler/16.0/2.181/rwthlnk/mkl/lib/ia32_lin" "-L/opt/intel/Compiler/16.0/2.181/rwthlnk/mkl/lib/intel64_lin_mic" "-L/opt/intel/Compiler/16.0/2.181/rwthlnk/tbb/lib/intel64_lin/gcc4.4" "-L/opt/intel/Compiler/16.0/2.181/rwthlnk/tbb/lib/ia32_lin/gcc4.4" "-L/opt/intel/Compiler/16.0/2.181/rwthlnk/tbb/lib/intel64_lin_mic" "-L/rwthfs/rz/SW/intel/Compiler/16.0/2.181/compilers_and_libraries_2016.2.181/linux/compiler/lib/intel64_lin" "-L/usr/lib/gcc/x86_64-redhat-linux/4.8.5/" "-L/usr/lib/gcc/x86_64-redhat-linux/4.8.5/../../../../lib64" "-L/usr/lib/gcc/x86_64-redhat-linux/4.8.5/../../../../lib64/" "-L/lib/../lib64" "-L/lib/../lib64/" "-L/usr/lib/../lib64" "-L/usr/lib/../lib64/" "-L/opt/intel/Compiler/16.0/2.181/rwthlnk/daal/lib/intel64_lin/" "-L/opt/intel/Compiler/16.0/2.181/rwthlnk/daal/lib/ia32_lin/" "-L/opt/intel/Compiler/16.0/2.181/rwthlnk/ipp/lib/intel64_lin/" "-L/opt/intel/Compiler/16.0/2.181/rwthlnk/ipp/lib/ia32_lin/" "-L/opt/intel/Compiler/16.0/2.181/rwthlnk/ipp/lib/intel64_lin_mic/" "-L/opt/intel/Compiler/16.0/2.181/rwthlnk/mkl/lib/intel64_lin/" "-L/opt/intel/Compiler/16.0/2.181/rwthlnk/mkl/lib/ia32_lin/" "-L/opt/intel/Compiler/16.0/2.181/rwthlnk/mkl/lib/intel64_lin_mic/" "-L/opt/intel/Compiler/16.0/2.181/rwthlnk/tbb/lib/intel64_lin/gcc4.4/" "-L/opt/intel/Compiler/16.0/2.181/rwthlnk/tbb/lib/ia32_lin/gcc4.4/" "-L/opt/intel/Compiler/16.0/2.181/rwthlnk/tbb/lib/intel64_lin_mic/" "-L/usr/lib/gcc/x86_64-redhat-linux/4.8.5/../../../" "-L/lib64" "-L/lib/" "-L/usr/lib64" "-L/usr/lib" "CMakeFiles/cmTryCompileExec4262328452.dir/CMakeCCompilerABI.c.o" "-Bdynamic" "-Bstatic" "-limf" "-lsvml" "-lirng" "-Bdynamic" "-lm" "-Bstatic" "-lipgo" "-ldecimal" "--as-needed" "-Bdynamic" "-lcilkrts" "-lstdc++" "--no-as-needed" "-lgcc" "-lgcc_s" "-Bstatic" "-lirc" "-lsvml" "-Bdynamic" "-lc" "-lgcc" "-lgcc_s" "-Bstatic" "-lirc_s" "-Bdynamic" "-ldl" "-lc" "/usr/lib/gcc/x86_64-redhat-linux/4.8.5/crtend.o" "/usr/lib/gcc/x86_64-redhat-linux/4.8.5/../../../../lib64/crtn.o"" -mIPOPT_il_in_obj -mIPOPT_ipo_activate_warn=FALSE -mIPOPT_obj_output_file_name=/tmp/cm654063/cluster-x_22152/ipo_icc7M0nCb.o -mIPOPT_whole_archive_fixup_file_name=/tmp/cm654063/cluster-x_22152/iccwarchx5rWxV -mGLOB_linker_version=2.25.1 -mGLOB_long_size_64 -mGLOB_routine_pointer_size_64 -mGLOB_driver_tempfile_name=/tmp/cm654063/cluster-x_22152/icctempfileM880Fu -mP3OPT_asm_target=P3OPT_ASM_TARGET_GAS -mGLOB_async_unwind_tables=TRUE -mGLOB_obj_output_file=/tmp/cm654063/cluster-x_22152/ipo_icc7M0nCb.o -mGLOB_source_dialect=GLOB_SOURCE_DIALECT_NONE -mP1OPT_source_file_name=ipo_out.c CMakeFiles/cmTryCompileExec4262328452.dir/CMakeCCompilerABI.c.o -mIPOPT_object_files=T -mIPOPT_assembly_files=/tmp/cm654063/cluster-x_22152/iccalis7yCODj -mIPOPT_generated_tempfiles=/tmp/cm654063/cluster-x_22152/icceliszIKxES -mIPOPT_embedded_object_base_name=/tmp/cm654063/cluster-x_22152/icceobjMwZgFr -mIPOPT_cmdline_link_new_name=/tmp/cm654063/cluster-x_22152/iccllisGFS0F0
ld    /usr/lib/gcc/x86_64-redhat-linux/4.8.5/../../../../lib64/crt1.o /usr/lib/gcc/x86_64-redhat-linux/4.8.5/../../../../lib64/crti.o /usr/lib/gcc/x86_64-redhat-linux/4.8.5/crtbegin.o -export-dynamic --eh-frame-hdr --build-id -dynamic-linker /lib64/ld-linux-x86-64.so.2 -m elf_x86_64 -o cmTryCompileExec4262328452 -L/opt/intel/Compiler/16.0/2.181/rwthlnk/daal/lib/intel64_lin -L/opt/intel/Compiler/16.0/2.181/rwthlnk/daal/lib/ia32_lin -L/opt/intel/Compiler/16.0/2.181/rwthlnk/daal/lib/intel64_lin_mic -L/opt/intel/Compiler/16.0/2.181/rwthlnk/ipp/lib/intel64_lin -L/opt/intel/Compiler/16.0/2.181/rwthlnk/ipp/lib/ia32_lin -L/opt/intel/Compiler/16.0/2.181/rwthlnk/ipp/lib/intel64_lin_mic -L/opt/intel/Compiler/16.0/2.181/rwthlnk/mkl/lib/intel64_lin -L/opt/intel/Compiler/16.0/2.181/rwthlnk/mkl/lib/ia32_lin -L/opt/intel/Compiler/16.0/2.181/rwthlnk/mkl/lib/intel64_lin_mic -L/opt/intel/Compiler/16.0/2.181/rwthlnk/tbb/lib/intel64_lin/gcc4.4 -L/opt/intel/Compiler/16.0/2.181/rwthlnk/tbb/lib/ia32_lin/gcc4.4 -L/opt/intel/Compiler/16.0/2.181/rwthlnk/tbb/lib/intel64_lin_mic -L/rwthfs/rz/SW/intel/Compiler/16.0/2.181/compilers_and_libraries_2016.2.181/linux/compiler/lib/intel64_lin -L/usr/lib/gcc/x86_64-redhat-linux/4.8.5/ -L/usr/lib/gcc/x86_64-redhat-linux/4.8.5/../../../../lib64 -L/usr/lib/gcc/x86_64-redhat-linux/4.8.5/../../../../lib64/ -L/lib/../lib64 -L/lib/../lib64/ -L/usr/lib/../lib64 -L/usr/lib/../lib64/ -L/opt/intel/Compiler/16.0/2.181/rwthlnk/daal/lib/intel64_lin/ -L/opt/intel/Compiler/16.0/2.181/rwthlnk/daal/lib/ia32_lin/ -L/opt/intel/Compiler/16.0/2.181/rwthlnk/ipp/lib/intel64_lin/ -L/opt/intel/Compiler/16.0/2.181/rwthlnk/ipp/lib/ia32_lin/ -L/opt/intel/Compiler/16.0/2.181/rwthlnk/ipp/lib/intel64_lin_mic/ -L/opt/intel/Compiler/16.0/2.181/rwthlnk/mkl/lib/intel64_lin/ -L/opt/intel/Compiler/16.0/2.181/rwthlnk/mkl/lib/ia32_lin/ -L/opt/intel/Compiler/16.0/2.181/rwthlnk/mkl/lib/intel64_lin_mic/ -L/opt/intel/Compiler/16.0/2.181/rwthlnk/tbb/lib/intel64_lin/gcc4.4/ -L/opt/intel/Compiler/16.0/2.181/rwthlnk/tbb/lib/ia32_lin/gcc4.4/ -L/opt/intel/Compiler/16.0/2.181/rwthlnk/tbb/lib/intel64_lin_mic/ -L/usr/lib/gcc/x86_64-redhat-linux/4.8.5/../../../ -L/lib64 -L/lib/ -L/usr/lib64 -L/usr/lib CMakeFiles/cmTryCompileExec4262328452.dir/CMakeCCompilerABI.c.o -Bdynamic -Bstatic -limf -lsvml -lirng -Bdynamic -lm -Bstatic -lipgo -ldecimal --as-needed -Bdynamic -lcilkrts -lstdc++ --no-as-needed -lgcc -lgcc_s -Bstatic -lirc -lsvml -Bdynamic -lc -lgcc -lgcc_s -Bstatic -lirc_s -Bdynamic -ldl -lc /usr/lib/gcc/x86_64-redhat-linux/4.8.5/crtend.o /usr/lib/gcc/x86_64-redhat-linux/4.8.5/../../../../lib64/crtn.o
gmake[1]: Leaving directory `/rwthfs/rz/cluster/home/cm654063/TopoRecognizer/build/CMakeFiles/CMakeTmp'


Parsed C implicit link information from above output:
  link line regex: [^( *|.*[/\])(ld|([^/\]+-)?ld|collect2)[^/\]*( |$)]
  ignore line: [Change Dir: /home/cm654063/TopoRecognizer/build/CMakeFiles/CMakeTmp]
  ignore line: []
  ignore line: [Run Build Command:/usr/local_rwth/bin/gmake "cmTryCompileExec4262328452/fast"]
  ignore line: [/usr/local_rwth/bin/gmake -f CMakeFiles/cmTryCompileExec4262328452.dir/build.make CMakeFiles/cmTryCompileExec4262328452.dir/build]
  ignore line: [gmake[1]: Entering directory `/rwthfs/rz/cluster/home/cm654063/TopoRecognizer/build/CMakeFiles/CMakeTmp']
  ignore line: [/usr/bin/cmake -E cmake_progress_report /home/cm654063/TopoRecognizer/build/CMakeFiles/CMakeTmp/CMakeFiles 1]
  ignore line: [Building C object CMakeFiles/cmTryCompileExec4262328452.dir/CMakeCCompilerABI.c.o]
  ignore line: [/opt/intel/Compiler/16.0/2.181/rwthlnk/bin/intel64/icc    -o CMakeFiles/cmTryCompileExec4262328452.dir/CMakeCCompilerABI.c.o   -c /usr/share/cmake/Modules/CMakeCCompilerABI.c]
  ignore line: [Linking C executable cmTryCompileExec4262328452]
  ignore line: [/usr/bin/cmake -E cmake_link_script CMakeFiles/cmTryCompileExec4262328452.dir/link.txt --verbose=1]
  ignore line: [/opt/intel/Compiler/16.0/2.181/rwthlnk/bin/intel64/icc     -v CMakeFiles/cmTryCompileExec4262328452.dir/CMakeCCompilerABI.c.o  -o cmTryCompileExec4262328452 -rdynamic  ]
  ignore line: [icc version 16.0.2 (gcc version 4.8.5 compatibility)]
  ignore line: [/rwthfs/rz/SW/intel/Compiler/16.0/2.181/compilers_and_libraries_2016.2.181/linux/bin/intel64/mcpcom    -mGLOB_em64t=TRUE -mP1OPT_version=16.0-intel64 -mGLOB_diag_file=CMakeFiles/cmTryCompileExec4262328452.dir/CMakeCCompilerABI.c.diag -mP1OPT_print_version=FALSE -mCG_use_gas_got_workaround=F -mP2OPT_align_option_used=TRUE -mGLOB_gcc_version=485 "-mGLOB_options_string=-v -o cmTryCompileExec4262328452 -rdynamic" -mGLOB_cxx_limited_range=FALSE -mCG_extend_parms=FALSE -mGLOB_compiler_bin_directory=/rwthfs/rz/SW/intel/Compiler/16.0/2.181/compilers_and_libraries_2016.2.181/linux/bin/intel64 -mGLOB_as_output_backup_file_name=/tmp/cm654063/cluster-x_22152/iccrIO7Jgas_.s -mGLOB_dashboard_use_source_name -mIPOPT_activate -mGLOB_product_id_code=0x22006d91 -mP3OPT_use_mspp_call_convention -mP2OPT_subs_out_of_bound=FALSE -mP2OPT_disam_type_based_disam=2 -mP2OPT_disam_assume_ansi_c -mP2OPT_checked_disam_ansi_alias=TRUE -mGLOB_ansi_alias -mPGOPTI_value_profile_use=T -mGLOB_opt_report_use_source_name -mP2OPT_il0_array_sections=TRUE -mGLOB_offload_mode=1 -mP2OPT_offload_unique_var_string=icc0101877934480l41Zba -mP2OPT_hlo -mP2OPT_hpo_rtt_control=0 -mIPOPT_args_in_regs=0 -mP2OPT_disam_assume_nonstd_intent_in=FALSE -mGLOB_imf_mapping_library=/rwthfs/rz/SW/intel/Compiler/16.0/2.181/compilers_and_libraries_2016.2.181/linux/bin/intel64/libiml_attr.so -mPGOPTI_gen_threadsafe_level=0 -mIPOPT_link -mIPOPT_ipo_activate -mIPOPT_mo_activate -mIPOPT_source_files_list=/tmp/cm654063/cluster-x_22152/iccslisFy5KGz -mIPOPT_mo_global_data -mIPOPT_link_script_file=/tmp/cm654063/cluster-x_22152/iccscriptsTyvH8 "-mIPOPT_cmdline_link="/usr/lib/gcc/x86_64-redhat-linux/4.8.5/../../../../lib64/crt1.o" "/usr/lib/gcc/x86_64-redhat-linux/4.8.5/../../../../lib64/crti.o" "/usr/lib/gcc/x86_64-redhat-linux/4.8.5/crtbegin.o" "-export-dynamic" "--eh-frame-hdr" "--build-id" "-dynamic-linker" "/lib64/ld-linux-x86-64.so.2" "-m" "elf_x86_64" "-o" "cmTryCompileExec4262328452" "-L/opt/intel/Compiler/16.0/2.181/rwthlnk/daal/lib/intel64_lin" "-L/opt/intel/Compiler/16.0/2.181/rwthlnk/daal/lib/ia32_lin" "-L/opt/intel/Compiler/16.0/2.181/rwthlnk/daal/lib/intel64_lin_mic" "-L/opt/intel/Compiler/16.0/2.181/rwthlnk/ipp/lib/intel64_lin" "-L/opt/intel/Compiler/16.0/2.181/rwthlnk/ipp/lib/ia32_lin" "-L/opt/intel/Compiler/16.0/2.181/rwthlnk/ipp/lib/intel64_lin_mic" "-L/opt/intel/Compiler/16.0/2.181/rwthlnk/mkl/lib/intel64_lin" "-L/opt/intel/Compiler/16.0/2.181/rwthlnk/mkl/lib/ia32_lin" "-L/opt/intel/Compiler/16.0/2.181/rwthlnk/mkl/lib/intel64_lin_mic" "-L/opt/intel/Compiler/16.0/2.181/rwthlnk/tbb/lib/intel64_lin/gcc4.4" "-L/opt/intel/Compiler/16.0/2.181/rwthlnk/tbb/lib/ia32_lin/gcc4.4" "-L/opt/intel/Compiler/16.0/2.181/rwthlnk/tbb/lib/intel64_lin_mic" "-L/rwthfs/rz/SW/intel/Compiler/16.0/2.181/compilers_and_libraries_2016.2.181/linux/compiler/lib/intel64_lin" "-L/usr/lib/gcc/x86_64-redhat-linux/4.8.5/" "-L/usr/lib/gcc/x86_64-redhat-linux/4.8.5/../../../../lib64" "-L/usr/lib/gcc/x86_64-redhat-linux/4.8.5/../../../../lib64/" "-L/lib/../lib64" "-L/lib/../lib64/" "-L/usr/lib/../lib64" "-L/usr/lib/../lib64/" "-L/opt/intel/Compiler/16.0/2.181/rwthlnk/daal/lib/intel64_lin/" "-L/opt/intel/Compiler/16.0/2.181/rwthlnk/daal/lib/ia32_lin/" "-L/opt/intel/Compiler/16.0/2.181/rwthlnk/ipp/lib/intel64_lin/" "-L/opt/intel/Compiler/16.0/2.181/rwthlnk/ipp/lib/ia32_lin/" "-L/opt/intel/Compiler/16.0/2.181/rwthlnk/ipp/lib/intel64_lin_mic/" "-L/opt/intel/Compiler/16.0/2.181/rwthlnk/mkl/lib/intel64_lin/" "-L/opt/intel/Compiler/16.0/2.181/rwthlnk/mkl/lib/ia32_lin/" "-L/opt/intel/Compiler/16.0/2.181/rwthlnk/mkl/lib/intel64_lin_mic/" "-L/opt/intel/Compiler/16.0/2.181/rwthlnk/tbb/lib/intel64_lin/gcc4.4/" "-L/opt/intel/Compiler/16.0/2.181/rwthlnk/tbb/lib/ia32_lin/gcc4.4/" "-L/opt/intel/Compiler/16.0/2.181/rwthlnk/tbb/lib/intel64_lin_mic/" "-L/usr/lib/gcc/x86_64-redhat-linux/4.8.5/../../../" "-L/lib64" "-L/lib/" "-L/usr/lib64" "-L/usr/lib" "CMakeFiles/cmTryCompileExec4262328452.dir/CMakeCCompilerABI.c.o" "-Bdynamic" "-Bstatic" "-limf" "-lsvml" "-lirng" "-Bdynamic" "-lm" "-Bstatic" "-lipgo" "-ldecimal" "--as-needed" "-Bdynamic" "-lcilkrts" "-lstdc++" "--no-as-needed" "-lgcc" "-lgcc_s" "-Bstatic" "-lirc" "-lsvml" "-Bdynamic" "-lc" "-lgcc" "-lgcc_s" "-Bstatic" "-lirc_s" "-Bdynamic" "-ldl" "-lc" "/usr/lib/gcc/x86_64-redhat-linux/4.8.5/crtend.o" "/usr/lib/gcc/x86_64-redhat-linux/4.8.5/../../../../lib64/crtn.o"" -mIPOPT_il_in_obj -mIPOPT_ipo_activate_warn=FALSE -mIPOPT_obj_output_file_name=/tmp/cm654063/cluster-x_22152/ipo_icc7M0nCb.o -mIPOPT_whole_archive_fixup_file_name=/tmp/cm654063/cluster-x_22152/iccwarchx5rWxV -mGLOB_linker_version=2.25.1 -mGLOB_long_size_64 -mGLOB_routine_pointer_size_64 -mGLOB_driver_tempfile_name=/tmp/cm654063/cluster-x_22152/icctempfileM880Fu -mP3OPT_asm_target=P3OPT_ASM_TARGET_GAS -mGLOB_async_unwind_tables=TRUE -mGLOB_obj_output_file=/tmp/cm654063/cluster-x_22152/ipo_icc7M0nCb.o -mGLOB_source_dialect=GLOB_SOURCE_DIALECT_NONE -mP1OPT_source_file_name=ipo_out.c CMakeFiles/cmTryCompileExec4262328452.dir/CMakeCCompilerABI.c.o -mIPOPT_object_files=T -mIPOPT_assembly_files=/tmp/cm654063/cluster-x_22152/iccalis7yCODj -mIPOPT_generated_tempfiles=/tmp/cm654063/cluster-x_22152/icceliszIKxES -mIPOPT_embedded_object_base_name=/tmp/cm654063/cluster-x_22152/icceobjMwZgFr -mIPOPT_cmdline_link_new_name=/tmp/cm654063/cluster-x_22152/iccllisGFS0F0]
  link line: [ld    /usr/lib/gcc/x86_64-redhat-linux/4.8.5/../../../../lib64/crt1.o /usr/lib/gcc/x86_64-redhat-linux/4.8.5/../../../../lib64/crti.o /usr/lib/gcc/x86_64-redhat-linux/4.8.5/crtbegin.o -export-dynamic --eh-frame-hdr --build-id -dynamic-linker /lib64/ld-linux-x86-64.so.2 -m elf_x86_64 -o cmTryCompileExec4262328452 -L/opt/intel/Compiler/16.0/2.181/rwthlnk/daal/lib/intel64_lin -L/opt/intel/Compiler/16.0/2.181/rwthlnk/daal/lib/ia32_lin -L/opt/intel/Compiler/16.0/2.181/rwthlnk/daal/lib/intel64_lin_mic -L/opt/intel/Compiler/16.0/2.181/rwthlnk/ipp/lib/intel64_lin -L/opt/intel/Compiler/16.0/2.181/rwthlnk/ipp/lib/ia32_lin -L/opt/intel/Compiler/16.0/2.181/rwthlnk/ipp/lib/intel64_lin_mic -L/opt/intel/Compiler/16.0/2.181/rwthlnk/mkl/lib/intel64_lin -L/opt/intel/Compiler/16.0/2.181/rwthlnk/mkl/lib/ia32_lin -L/opt/intel/Compiler/16.0/2.181/rwthlnk/mkl/lib/intel64_lin_mic -L/opt/intel/Compiler/16.0/2.181/rwthlnk/tbb/lib/intel64_lin/gcc4.4 -L/opt/intel/Compiler/16.0/2.181/rwthlnk/tbb/lib/ia32_lin/gcc4.4 -L/opt/intel/Compiler/16.0/2.181/rwthlnk/tbb/lib/intel64_lin_mic -L/rwthfs/rz/SW/intel/Compiler/16.0/2.181/compilers_and_libraries_2016.2.181/linux/compiler/lib/intel64_lin -L/usr/lib/gcc/x86_64-redhat-linux/4.8.5/ -L/usr/lib/gcc/x86_64-redhat-linux/4.8.5/../../../../lib64 -L/usr/lib/gcc/x86_64-redhat-linux/4.8.5/../../../../lib64/ -L/lib/../lib64 -L/lib/../lib64/ -L/usr/lib/../lib64 -L/usr/lib/../lib64/ -L/opt/intel/Compiler/16.0/2.181/rwthlnk/daal/lib/intel64_lin/ -L/opt/intel/Compiler/16.0/2.181/rwthlnk/daal/lib/ia32_lin/ -L/opt/intel/Compiler/16.0/2.181/rwthlnk/ipp/lib/intel64_lin/ -L/opt/intel/Compiler/16.0/2.181/rwthlnk/ipp/lib/ia32_lin/ -L/opt/intel/Compiler/16.0/2.181/rwthlnk/ipp/lib/intel64_lin_mic/ -L/opt/intel/Compiler/16.0/2.181/rwthlnk/mkl/lib/intel64_lin/ -L/opt/intel/Compiler/16.0/2.181/rwthlnk/mkl/lib/ia32_lin/ -L/opt/intel/Compiler/16.0/2.181/rwthlnk/mkl/lib/intel64_lin_mic/ -L/opt/intel/Compiler/16.0/2.181/rwthlnk/tbb/lib/intel64_lin/gcc4.4/ -L/opt/intel/Compiler/16.0/2.181/rwthlnk/tbb/lib/ia32_lin/gcc4.4/ -L/opt/intel/Compiler/16.0/2.181/rwthlnk/tbb/lib/intel64_lin_mic/ -L/usr/lib/gcc/x86_64-redhat-linux/4.8.5/../../../ -L/lib64 -L/lib/ -L/usr/lib64 -L/usr/lib CMakeFiles/cmTryCompileExec4262328452.dir/CMakeCCompilerABI.c.o -Bdynamic -Bstatic -limf -lsvml -lirng -Bdynamic -lm -Bstatic -lipgo -ldecimal --as-needed -Bdynamic -lcilkrts -lstdc++ --no-as-needed -lgcc -lgcc_s -Bstatic -lirc -lsvml -Bdynamic -lc -lgcc -lgcc_s -Bstatic -lirc_s -Bdynamic -ldl -lc /usr/lib/gcc/x86_64-redhat-linux/4.8.5/crtend.o /usr/lib/gcc/x86_64-redhat-linux/4.8.5/../../../../lib64/crtn.o]
    arg [ld] ==> ignore
    arg [/usr/lib/gcc/x86_64-redhat-linux/4.8.5/../../../../lib64/crt1.o] ==> ignore
    arg [/usr/lib/gcc/x86_64-redhat-linux/4.8.5/../../../../lib64/crti.o] ==> ignore
    arg [/usr/lib/gcc/x86_64-redhat-linux/4.8.5/crtbegin.o] ==> ignore
    arg [-export-dynamic] ==> ignore
    arg [--eh-frame-hdr] ==> ignore
    arg [--build-id] ==> ignore
    arg [-dynamic-linker] ==> ignore
    arg [/lib64/ld-linux-x86-64.so.2] ==> ignore
    arg [-m] ==> ignore
    arg [elf_x86_64] ==> ignore
    arg [-o] ==> ignore
    arg [cmTryCompileExec4262328452] ==> ignore
    arg [-L/opt/intel/Compiler/16.0/2.181/rwthlnk/daal/lib/intel64_lin] ==> dir [/opt/intel/Compiler/16.0/2.181/rwthlnk/daal/lib/intel64_lin]
    arg [-L/opt/intel/Compiler/16.0/2.181/rwthlnk/daal/lib/ia32_lin] ==> dir [/opt/intel/Compiler/16.0/2.181/rwthlnk/daal/lib/ia32_lin]
    arg [-L/opt/intel/Compiler/16.0/2.181/rwthlnk/daal/lib/intel64_lin_mic] ==> dir [/opt/intel/Compiler/16.0/2.181/rwthlnk/daal/lib/intel64_lin_mic]
    arg [-L/opt/intel/Compiler/16.0/2.181/rwthlnk/ipp/lib/intel64_lin] ==> dir [/opt/intel/Compiler/16.0/2.181/rwthlnk/ipp/lib/intel64_lin]
    arg [-L/opt/intel/Compiler/16.0/2.181/rwthlnk/ipp/lib/ia32_lin] ==> dir [/opt/intel/Compiler/16.0/2.181/rwthlnk/ipp/lib/ia32_lin]
    arg [-L/opt/intel/Compiler/16.0/2.181/rwthlnk/ipp/lib/intel64_lin_mic] ==> dir [/opt/intel/Compiler/16.0/2.181/rwthlnk/ipp/lib/intel64_lin_mic]
    arg [-L/opt/intel/Compiler/16.0/2.181/rwthlnk/mkl/lib/intel64_lin] ==> dir [/opt/intel/Compiler/16.0/2.181/rwthlnk/mkl/lib/intel64_lin]
    arg [-L/opt/intel/Compiler/16.0/2.181/rwthlnk/mkl/lib/ia32_lin] ==> dir [/opt/intel/Compiler/16.0/2.181/rwthlnk/mkl/lib/ia32_lin]
    arg [-L/opt/intel/Compiler/16.0/2.181/rwthlnk/mkl/lib/intel64_lin_mic] ==> dir [/opt/intel/Compiler/16.0/2.181/rwthlnk/mkl/lib/intel64_lin_mic]
    arg [-L/opt/intel/Compiler/16.0/2.181/rwthlnk/tbb/lib/intel64_lin/gcc4.4] ==> dir [/opt/intel/Compiler/16.0/2.181/rwthlnk/tbb/lib/intel64_lin/gcc4.4]
    arg [-L/opt/intel/Compiler/16.0/2.181/rwthlnk/tbb/lib/ia32_lin/gcc4.4] ==> dir [/opt/intel/Compiler/16.0/2.181/rwthlnk/tbb/lib/ia32_lin/gcc4.4]
    arg [-L/opt/intel/Compiler/16.0/2.181/rwthlnk/tbb/lib/intel64_lin_mic] ==> dir [/opt/intel/Compiler/16.0/2.181/rwthlnk/tbb/lib/intel64_lin_mic]
    arg [-L/rwthfs/rz/SW/intel/Compiler/16.0/2.181/compilers_and_libraries_2016.2.181/linux/compiler/lib/intel64_lin] ==> dir [/rwthfs/rz/SW/intel/Compiler/16.0/2.181/compilers_and_libraries_2016.2.181/linux/compiler/lib/intel64_lin]
    arg [-L/usr/lib/gcc/x86_64-redhat-linux/4.8.5/] ==> dir [/usr/lib/gcc/x86_64-redhat-linux/4.8.5/]
    arg [-L/usr/lib/gcc/x86_64-redhat-linux/4.8.5/../../../../lib64] ==> dir [/usr/lib/gcc/x86_64-redhat-linux/4.8.5/../../../../lib64]
    arg [-L/usr/lib/gcc/x86_64-redhat-linux/4.8.5/../../../../lib64/] ==> dir [/usr/lib/gcc/x86_64-redhat-linux/4.8.5/../../../../lib64/]
    arg [-L/lib/../lib64] ==> dir [/lib/../lib64]
    arg [-L/lib/../lib64/] ==> dir [/lib/../lib64/]
    arg [-L/usr/lib/../lib64] ==> dir [/usr/lib/../lib64]
    arg [-L/usr/lib/../lib64/] ==> dir [/usr/lib/../lib64/]
    arg [-L/opt/intel/Compiler/16.0/2.181/rwthlnk/daal/lib/intel64_lin/] ==> dir [/opt/intel/Compiler/16.0/2.181/rwthlnk/daal/lib/intel64_lin/]
    arg [-L/opt/intel/Compiler/16.0/2.181/rwthlnk/daal/lib/ia32_lin/] ==> dir [/opt/intel/Compiler/16.0/2.181/rwthlnk/daal/lib/ia32_lin/]
    arg [-L/opt/intel/Compiler/16.0/2.181/rwthlnk/ipp/lib/intel64_lin/] ==> dir [/opt/intel/Compiler/16.0/2.181/rwthlnk/ipp/lib/intel64_lin/]
    arg [-L/opt/intel/Compiler/16.0/2.181/rwthlnk/ipp/lib/ia32_lin/] ==> dir [/opt/intel/Compiler/16.0/2.181/rwthlnk/ipp/lib/ia32_lin/]
    arg [-L/opt/intel/Compiler/16.0/2.181/rwthlnk/ipp/lib/intel64_lin_mic/] ==> dir [/opt/intel/Compiler/16.0/2.181/rwthlnk/ipp/lib/intel64_lin_mic/]
    arg [-L/opt/intel/Compiler/16.0/2.181/rwthlnk/mkl/lib/intel64_lin/] ==> dir [/opt/intel/Compiler/16.0/2.181/rwthlnk/mkl/lib/intel64_lin/]
    arg [-L/opt/intel/Compiler/16.0/2.181/rwthlnk/mkl/lib/ia32_lin/] ==> dir [/opt/intel/Compiler/16.0/2.181/rwthlnk/mkl/lib/ia32_lin/]
    arg [-L/opt/intel/Compiler/16.0/2.181/rwthlnk/mkl/lib/intel64_lin_mic/] ==> dir [/opt/intel/Compiler/16.0/2.181/rwthlnk/mkl/lib/intel64_lin_mic/]
    arg [-L/opt/intel/Compiler/16.0/2.181/rwthlnk/tbb/lib/intel64_lin/gcc4.4/] ==> dir [/opt/intel/Compiler/16.0/2.181/rwthlnk/tbb/lib/intel64_lin/gcc4.4/]
    arg [-L/opt/intel/Compiler/16.0/2.181/rwthlnk/tbb/lib/ia32_lin/gcc4.4/] ==> dir [/opt/intel/Compiler/16.0/2.181/rwthlnk/tbb/lib/ia32_lin/gcc4.4/]
    arg [-L/opt/intel/Compiler/16.0/2.181/rwthlnk/tbb/lib/intel64_lin_mic/] ==> dir [/opt/intel/Compiler/16.0/2.181/rwthlnk/tbb/lib/intel64_lin_mic/]
    arg [-L/usr/lib/gcc/x86_64-redhat-linux/4.8.5/../../../] ==> dir [/usr/lib/gcc/x86_64-redhat-linux/4.8.5/../../../]
    arg [-L/lib64] ==> dir [/lib64]
    arg [-L/lib/] ==> dir [/lib/]
    arg [-L/usr/lib64] ==> dir [/usr/lib64]
    arg [-L/usr/lib] ==> dir [/usr/lib]
    arg [CMakeFiles/cmTryCompileExec4262328452.dir/CMakeCCompilerABI.c.o] ==> ignore
    arg [-Bdynamic] ==> ignore
    arg [-Bstatic] ==> ignore
    arg [-limf] ==> lib [imf]
    arg [-lsvml] ==> lib [svml]
    arg [-lirng] ==> lib [irng]
    arg [-Bdynamic] ==> ignore
    arg [-lm] ==> lib [m]
    arg [-Bstatic] ==> ignore
    arg [-lipgo] ==> lib [ipgo]
    arg [-ldecimal] ==> lib [decimal]
    arg [--as-needed] ==> ignore
    arg [-Bdynamic] ==> ignore
    arg [-lcilkrts] ==> lib [cilkrts]
    arg [-lstdc++] ==> lib [stdc++]
    arg [--no-as-needed] ==> ignore
    arg [-lgcc] ==> lib [gcc]
    arg [-lgcc_s] ==> lib [gcc_s]
    arg [-Bstatic] ==> ignore
    arg [-lirc] ==> lib [irc]
    arg [-lsvml] ==> lib [svml]
    arg [-Bdynamic] ==> ignore
    arg [-lc] ==> lib [c]
    arg [-lgcc] ==> lib [gcc]
    arg [-lgcc_s] ==> lib [gcc_s]
    arg [-Bstatic] ==> ignore
    arg [-lirc_s] ==> lib [irc_s]
    arg [-Bdynamic] ==> ignore
    arg [-ldl] ==> lib [dl]
    arg [-lc] ==> lib [c]
    arg [/usr/lib/gcc/x86_64-redhat-linux/4.8.5/crtend.o] ==> ignore
    arg [/usr/lib/gcc/x86_64-redhat-linux/4.8.5/../../../../lib64/crtn.o] ==> ignore
  remove lib [gcc]
  remove lib [gcc_s]
  remove lib [gcc]
  remove lib [gcc_s]
  collapse library dir [/opt/intel/Compiler/16.0/2.181/rwthlnk/daal/lib/intel64_lin] ==> [/opt/intel/Compiler/16.0/2.181/rwthlnk/daal/lib/intel64_lin]
  collapse library dir [/opt/intel/Compiler/16.0/2.181/rwthlnk/daal/lib/ia32_lin] ==> [/opt/intel/Compiler/16.0/2.181/rwthlnk/daal/lib/ia32_lin]
  collapse library dir [/opt/intel/Compiler/16.0/2.181/rwthlnk/daal/lib/intel64_lin_mic] ==> [/opt/intel/Compiler/16.0/2.181/rwthlnk/daal/lib/intel64_lin_mic]
  collapse library dir [/opt/intel/Compiler/16.0/2.181/rwthlnk/ipp/lib/intel64_lin] ==> [/opt/intel/Compiler/16.0/2.181/rwthlnk/ipp/lib/intel64_lin]
  collapse library dir [/opt/intel/Compiler/16.0/2.181/rwthlnk/ipp/lib/ia32_lin] ==> [/opt/intel/Compiler/16.0/2.181/rwthlnk/ipp/lib/ia32_lin]
  collapse library dir [/opt/intel/Compiler/16.0/2.181/rwthlnk/ipp/lib/intel64_lin_mic] ==> [/opt/intel/Compiler/16.0/2.181/rwthlnk/ipp/lib/intel64_lin_mic]
  collapse library dir [/opt/intel/Compiler/16.0/2.181/rwthlnk/mkl/lib/intel64_lin] ==> [/opt/intel/Compiler/16.0/2.181/rwthlnk/mkl/lib/intel64_lin]
  collapse library dir [/opt/intel/Compiler/16.0/2.181/rwthlnk/mkl/lib/ia32_lin] ==> [/opt/intel/Compiler/16.0/2.181/rwthlnk/mkl/lib/ia32_lin]
  collapse library dir [/opt/intel/Compiler/16.0/2.181/rwthlnk/mkl/lib/intel64_lin_mic] ==> [/opt/intel/Compiler/16.0/2.181/rwthlnk/mkl/lib/intel64_lin_mic]
  collapse library dir [/opt/intel/Compiler/16.0/2.181/rwthlnk/tbb/lib/intel64_lin/gcc4.4] ==> [/opt/intel/Compiler/16.0/2.181/rwthlnk/tbb/lib/intel64_lin/gcc4.4]
  collapse library dir [/opt/intel/Compiler/16.0/2.181/rwthlnk/tbb/lib/ia32_lin/gcc4.4] ==> [/opt/intel/Compiler/16.0/2.181/rwthlnk/tbb/lib/ia32_lin/gcc4.4]
  collapse library dir [/opt/intel/Compiler/16.0/2.181/rwthlnk/tbb/lib/intel64_lin_mic] ==> [/opt/intel/Compiler/16.0/2.181/rwthlnk/tbb/lib/intel64_lin_mic]
  collapse library dir [/rwthfs/rz/SW/intel/Compiler/16.0/2.181/compilers_and_libraries_2016.2.181/linux/compiler/lib/intel64_lin] ==> [/rwthfs/rz/SW/intel/Compiler/16.0/2.181/compilers_and_libraries_2016.2.181/linux/compiler/lib/intel64_lin]
  collapse library dir [/usr/lib/gcc/x86_64-redhat-linux/4.8.5/] ==> [/usr/lib/gcc/x86_64-redhat-linux/4.8.5]
  collapse library dir [/usr/lib/gcc/x86_64-redhat-linux/4.8.5/../../../../lib64] ==> [/usr/lib64]
  collapse library dir [/usr/lib/gcc/x86_64-redhat-linux/4.8.5/../../../../lib64/] ==> [/usr/lib64]
  collapse library dir [/lib/../lib64] ==> [/lib64]
  collapse library dir [/lib/../lib64/] ==> [/lib64]
  collapse library dir [/usr/lib/../lib64] ==> [/usr/lib64]
  collapse library dir [/usr/lib/../lib64/] ==> [/usr/lib64]
  collapse library dir [/opt/intel/Compiler/16.0/2.181/rwthlnk/daal/lib/intel64_lin/] ==> [/opt/intel/Compiler/16.0/2.181/rwthlnk/daal/lib/intel64_lin]
  collapse library dir [/opt/intel/Compiler/16.0/2.181/rwthlnk/daal/lib/ia32_lin/] ==> [/opt/intel/Compiler/16.0/2.181/rwthlnk/daal/lib/ia32_lin]
  collapse library dir [/opt/intel/Compiler/16.0/2.181/rwthlnk/ipp/lib/intel64_lin/] ==> [/opt/intel/Compiler/16.0/2.181/rwthlnk/ipp/lib/intel64_lin]
  collapse library dir [/opt/intel/Compiler/16.0/2.181/rwthlnk/ipp/lib/ia32_lin/] ==> [/opt/intel/Compiler/16.0/2.181/rwthlnk/ipp/lib/ia32_lin]
  collapse library dir [/opt/intel/Compiler/16.0/2.181/rwthlnk/ipp/lib/intel64_lin_mic/] ==> [/opt/intel/Compiler/16.0/2.181/rwthlnk/ipp/lib/intel64_lin_mic]
  collapse library dir [/opt/intel/Compiler/16.0/2.181/rwthlnk/mkl/lib/intel64_lin/] ==> [/opt/intel/Compiler/16.0/2.181/rwthlnk/mkl/lib/intel64_lin]
  collapse library dir [/opt/intel/Compiler/16.0/2.181/rwthlnk/mkl/lib/ia32_lin/] ==> [/opt/intel/Compiler/16.0/2.181/rwthlnk/mkl/lib/ia32_lin]
  collapse library dir [/opt/intel/Compiler/16.0/2.181/rwthlnk/mkl/lib/intel64_lin_mic/] ==> [/opt/intel/Compiler/16.0/2.181/rwthlnk/mkl/lib/intel64_lin_mic]
  collapse library dir [/opt/intel/Compiler/16.0/2.181/rwthlnk/tbb/lib/intel64_lin/gcc4.4/] ==> [/opt/intel/Compiler/16.0/2.181/rwthlnk/tbb/lib/intel64_lin/gcc4.4]
  collapse library dir [/opt/intel/Compiler/16.0/2.181/rwthlnk/tbb/lib/ia32_lin/gcc4.4/] ==> [/opt/intel/Compiler/16.0/2.181/rwthlnk/tbb/lib/ia32_lin/gcc4.4]
  collapse library dir [/opt/intel/Compiler/16.0/2.181/rwthlnk/tbb/lib/intel64_lin_mic/] ==> [/opt/intel/Compiler/16.0/2.181/rwthlnk/tbb/lib/intel64_lin_mic]
  collapse library dir [/usr/lib/gcc/x86_64-redhat-linux/4.8.5/../../../] ==> [/usr/lib]
  collapse library dir [/lib64] ==> [/lib64]
  collapse library dir [/lib/] ==> [/lib]
  collapse library dir [/usr/lib64] ==> [/usr/lib64]
  collapse library dir [/usr/lib] ==> [/usr/lib]
  implicit libs: [imf;svml;irng;m;ipgo;decimal;cilkrts;stdc++;irc;svml;c;irc_s;dl;c]
  implicit dirs: [/opt/intel/Compiler/16.0/2.181/rwthlnk/daal/lib/intel64_lin;/opt/intel/Compiler/16.0/2.181/rwthlnk/daal/lib/ia32_lin;/opt/intel/Compiler/16.0/2.181/rwthlnk/daal/lib/intel64_lin_mic;/opt/intel/Compiler/16.0/2.181/rwthlnk/ipp/lib/intel64_lin;/opt/intel/Compiler/16.0/2.181/rwthlnk/ipp/lib/ia32_lin;/opt/intel/Compiler/16.0/2.181/rwthlnk/ipp/lib/intel64_lin_mic;/opt/intel/Compiler/16.0/2.181/rwthlnk/mkl/lib/intel64_lin;/opt/intel/Compiler/16.0/2.181/rwthlnk/mkl/lib/ia32_lin;/opt/intel/Compiler/16.0/2.181/rwthlnk/mkl/lib/intel64_lin_mic;/opt/intel/Compiler/16.0/2.181/rwthlnk/tbb/lib/intel64_lin/gcc4.4;/opt/intel/Compiler/16.0/2.181/rwthlnk/tbb/lib/ia32_lin/gcc4.4;/opt/intel/Compiler/16.0/2.181/rwthlnk/tbb/lib/intel64_lin_mic;/rwthfs/rz/SW/intel/Compiler/16.0/2.181/compilers_and_libraries_2016.2.181/linux/compiler/lib/intel64_lin;/usr/lib/gcc/x86_64-redhat-linux/4.8.5;/usr/lib64;/lib64;/usr/lib;/lib]
  implicit fwks: []


Determining if the CXX compiler works passed with the following output:
Change Dir: /home/cm654063/TopoRecognizer/build/CMakeFiles/CMakeTmp

Run Build Command:/usr/local_rwth/bin/gmake "cmTryCompileExec3280927538/fast"
/usr/local_rwth/bin/gmake -f CMakeFiles/cmTryCompileExec3280927538.dir/build.make CMakeFiles/cmTryCompileExec3280927538.dir/build
gmake[1]: Entering directory `/rwthfs/rz/cluster/home/cm654063/TopoRecognizer/build/CMakeFiles/CMakeTmp'
/usr/bin/cmake -E cmake_progress_report /home/cm654063/TopoRecognizer/build/CMakeFiles/CMakeTmp/CMakeFiles 1
Building CXX object CMakeFiles/cmTryCompileExec3280927538.dir/testCXXCompiler.cxx.o
/opt/intel/Compiler/16.0/2.181/rwthlnk/bin/intel64/icpc     -o CMakeFiles/cmTryCompileExec3280927538.dir/testCXXCompiler.cxx.o -c /home/cm654063/TopoRecognizer/build/CMakeFiles/CMakeTmp/testCXXCompiler.cxx
Linking CXX executable cmTryCompileExec3280927538
/usr/bin/cmake -E cmake_link_script CMakeFiles/cmTryCompileExec3280927538.dir/link.txt --verbose=1
/opt/intel/Compiler/16.0/2.181/rwthlnk/bin/intel64/icpc        CMakeFiles/cmTryCompileExec3280927538.dir/testCXXCompiler.cxx.o  -o cmTryCompileExec3280927538 -rdynamic 
gmake[1]: Leaving directory `/rwthfs/rz/cluster/home/cm654063/TopoRecognizer/build/CMakeFiles/CMakeTmp'


Detecting CXX compiler ABI info compiled with the following output:
Change Dir: /home/cm654063/TopoRecognizer/build/CMakeFiles/CMakeTmp

Run Build Command:/usr/local_rwth/bin/gmake "cmTryCompileExec295244284/fast"
/usr/local_rwth/bin/gmake -f CMakeFiles/cmTryCompileExec295244284.dir/build.make CMakeFiles/cmTryCompileExec295244284.dir/build
gmake[1]: Entering directory `/rwthfs/rz/cluster/home/cm654063/TopoRecognizer/build/CMakeFiles/CMakeTmp'
/usr/bin/cmake -E cmake_progress_report /home/cm654063/TopoRecognizer/build/CMakeFiles/CMakeTmp/CMakeFiles 1
Building CXX object CMakeFiles/cmTryCompileExec295244284.dir/CMakeCXXCompilerABI.cpp.o
/opt/intel/Compiler/16.0/2.181/rwthlnk/bin/intel64/icpc     -o CMakeFiles/cmTryCompileExec295244284.dir/CMakeCXXCompilerABI.cpp.o -c /usr/share/cmake/Modules/CMakeCXXCompilerABI.cpp
Linking CXX executable cmTryCompileExec295244284
/usr/bin/cmake -E cmake_link_script CMakeFiles/cmTryCompileExec295244284.dir/link.txt --verbose=1
/opt/intel/Compiler/16.0/2.181/rwthlnk/bin/intel64/icpc      -v CMakeFiles/cmTryCompileExec295244284.dir/CMakeCXXCompilerABI.cpp.o  -o cmTryCompileExec295244284 -rdynamic  
icpc version 16.0.2 (gcc version 4.8.5 compatibility)
/rwthfs/rz/SW/intel/Compiler/16.0/2.181/compilers_and_libraries_2016.2.181/linux/bin/intel64/mcpcom    -mGLOB_em64t=TRUE -mP1OPT_version=16.0-intel64 -mGLOB_diag_file=CMakeFiles/cmTryCompileExec295244284.dir/CMakeCXXCompilerABI.cpp.diag -mP1OPT_print_version=FALSE -mCG_use_gas_got_workaround=F -mP2OPT_align_option_used=TRUE -mGLOB_gcc_version=485 "-mGLOB_options_string=-v -o cmTryCompileExec295244284 -rdynamic" -mGLOB_cxx_limited_range=FALSE -mCG_extend_parms=FALSE -mGLOB_compiler_bin_directory=/rwthfs/rz/SW/intel/Compiler/16.0/2.181/compilers_and_libraries_2016.2.181/linux/bin/intel64 -mGLOB_as_output_backup_file_name=/tmp/cm654063/cluster-x_22152/icpcUgkHQ3as_.s -mGLOB_dashboard_use_source_name -mIPOPT_activate -mGLOB_product_id_code=0x22006d8e -mP3OPT_use_mspp_call_convention -mP2OPT_subs_out_of_bound=FALSE -mP2OPT_disam_type_based_disam=2 -mP2OPT_disam_assume_ansi_c -mP2OPT_checked_disam_ansi_alias=TRUE -mGLOB_ansi_alias -mPGOPTI_value_profile_use=T -mGLOB_opt_report_use_source_name -mP2OPT_il0_array_sections=TRUE -mGLOB_offload_mode=1 -mP2OPT_offload_unique_var_string=icpc01013107316543Zinbs -mP2OPT_hlo -mP2OPT_hpo_rtt_control=0 -mIPOPT_args_in_regs=0 -mP2OPT_disam_assume_nonstd_intent_in=FALSE -mGLOB_imf_mapping_library=/rwthfs/rz/SW/intel/Compiler/16.0/2.181/compilers_and_libraries_2016.2.181/linux/bin/intel64/libiml_attr.so -mPGOPTI_gen_threadsafe_level=0 -mIPOPT_link -mIPOPT_ipo_activate -mIPOPT_mo_activate -mIPOPT_source_files_list=/tmp/cm654063/cluster-x_22152/icpcslisS1FrjP -mIPOPT_mo_global_data -mIPOPT_link_script_file=/tmp/cm654063/cluster-x_22152/icpcscript79Bfuz "-mIPOPT_cmdline_link="/usr/lib/gcc/x86_64-redhat-linux/4.8.5/../../../../lib64/crt1.o" "/usr/lib/gcc/x86_64-redhat-linux/4.8.5/../../../../lib64/crti.o" "/usr/lib/gcc/x86_64-redhat-linux/4.8.5/crtbegin.o" "-export-dynamic" "--eh-frame-hdr" "--build-id" "-dynamic-linker" "/lib64/ld-linux-x86-64.so.2" "-m" "elf_x86_64" "-o" "cmTryCompileExec295244284" "-L/opt/intel/Compiler/16.0/2.181/rwthlnk/daal/lib/intel64_lin" "-L/opt/intel/Compiler/16.0/2.181/rwthlnk/daal/lib/ia32_lin" "-L/opt/intel/Compiler/16.0/2.181/rwthlnk/daal/lib/intel64_lin_mic" "-L/opt/intel/Compiler/16.0/2.181/rwthlnk/ipp/lib/intel64_lin" "-L/opt/intel/Compiler/16.0/2.181/rwthlnk/ipp/lib/ia32_lin" "-L/opt/intel/Compiler/16.0/2.181/rwthlnk/ipp/lib/intel64_lin_mic" "-L/opt/intel/Compiler/16.0/2.181/rwthlnk/mkl/lib/intel64_lin" "-L/opt/intel/Compiler/16.0/2.181/rwthlnk/mkl/lib/ia32_lin" "-L/opt/intel/Compiler/16.0/2.181/rwthlnk/mkl/lib/intel64_lin_mic" "-L/opt/intel/Compiler/16.0/2.181/rwthlnk/tbb/lib/intel64_lin/gcc4.4" "-L/opt/intel/Compiler/16.0/2.181/rwthlnk/tbb/lib/ia32_lin/gcc4.4" "-L/opt/intel/Compiler/16.0/2.181/rwthlnk/tbb/lib/intel64_lin_mic" "-L/rwthfs/rz/SW/intel/Compiler/16.0/2.181/compilers_and_libraries_2016.2.181/linux/compiler/lib/intel64_lin" "-L/usr/lib/gcc/x86_64-redhat-linux/4.8.5/" "-L/usr/lib/gcc/x86_64-redhat-linux/4.8.5/../../../../lib64" "-L/usr/lib/gcc/x86_64-redhat-linux/4.8.5/../../../../lib64/" "-L/lib/../lib64" "-L/lib/../lib64/" "-L/usr/lib/../lib64" "-L/usr/lib/../lib64/" "-L/opt/intel/Compiler/16.0/2.181/rwthlnk/daal/lib/intel64_lin/" "-L/opt/intel/Compiler/16.0/2.181/rwthlnk/daal/lib/ia32_lin/" "-L/opt/intel/Compiler/16.0/2.181/rwthlnk/ipp/lib/intel64_lin/" "-L/opt/intel/Compiler/16.0/2.181/rwthlnk/ipp/lib/ia32_lin/" "-L/opt/intel/Compiler/16.0/2.181/rwthlnk/ipp/lib/intel64_lin_mic/" "-L/opt/intel/Compiler/16.0/2.181/rwthlnk/mkl/lib/intel64_lin/" "-L/opt/intel/Compiler/16.0/2.181/rwthlnk/mkl/lib/ia32_lin/" "-L/opt/intel/Compiler/16.0/2.181/rwthlnk/mkl/lib/intel64_lin_mic/" "-L/opt/intel/Compiler/16.0/2.181/rwthlnk/tbb/lib/intel64_lin/gcc4.4/" "-L/opt/intel/Compiler/16.0/2.181/rwthlnk/tbb/lib/ia32_lin/gcc4.4/" "-L/opt/intel/Compiler/16.0/2.181/rwthlnk/tbb/lib/intel64_lin_mic/" "-L/usr/lib/gcc/x86_64-redhat-linux/4.8.5/../../../" "-L/lib64" "-L/lib/" "-L/usr/lib64" "-L/usr/lib" "CMakeFiles/cmTryCompileExec295244284.dir/CMakeCXXCompilerABI.cpp.o" "-Bdynamic" "-Bstatic" "-limf" "-lsvml" "-lirng" "-Bdynamic" "-lm" "-Bstatic" "-lipgo" "-ldecimal" "--as-needed" "-Bdynamic" "-lcilkrts" "--no-as-needed" "-lstdc++" "-lgcc" "-lgcc_s" "-Bstatic" "-lirc" "-lsvml" "-Bdynamic" "-lc" "-lgcc" "-lgcc_s" "-Bstatic" "-lirc_s" "-Bdynamic" "-ldl" "-lc" "/usr/lib/gcc/x86_64-redhat-linux/4.8.5/crtend.o" "/usr/lib/gcc/x86_64-redhat-linux/4.8.5/../../../../lib64/crtn.o"" -mIPOPT_il_in_obj -mIPOPT_ipo_activate_warn=FALSE -mIPOPT_obj_output_file_name=/tmp/cm654063/cluster-x_22152/ipo_icpcOuTJgm.o -mIPOPT_whole_archive_fixup_file_name=/tmp/cm654063/cluster-x_22152/icpcwarchWuGldw -mGLOB_linker_version=2.25.1 -mGLOB_long_size_64 -mGLOB_routine_pointer_size_64 -mGLOB_driver_tempfile_name=/tmp/cm654063/cluster-x_22152/icpctempfileZXESug -mP3OPT_asm_target=P3OPT_ASM_TARGET_GAS -mGLOB_async_unwind_tables=TRUE -mGLOB_obj_output_file=/tmp/cm654063/cluster-x_22152/ipo_icpcOuTJgm.o -mGLOB_source_dialect=GLOB_SOURCE_DIALECT_NONE -mP1OPT_source_file_name=ipo_out.c CMakeFiles/cmTryCompileExec295244284.dir/CMakeCXXCompilerABI.cpp.o -mIPOPT_object_files=T -mIPOPT_assembly_files=/tmp/cm654063/cluster-x_22152/icpcaliseB8hCQ -mIPOPT_generated_tempfiles=/tmp/cm654063/cluster-x_22152/icpcelisqnE4MA -mIPOPT_embedded_object_base_name=/tmp/cm654063/cluster-x_22152/icpceobj2LnRXk -mIPOPT_cmdline_link_new_name=/tmp/cm654063/cluster-x_22152/icpcllisgYoE84
ld    /usr/lib/gcc/x86_64-redhat-linux/4.8.5/../../../../lib64/crt1.o /usr/lib/gcc/x86_64-redhat-linux/4.8.5/../../../../lib64/crti.o /usr/lib/gcc/x86_64-redhat-linux/4.8.5/crtbegin.o -export-dynamic --eh-frame-hdr --build-id -dynamic-linker /lib64/ld-linux-x86-64.so.2 -m elf_x86_64 -o cmTryCompileExec295244284 -L/opt/intel/Compiler/16.0/2.181/rwthlnk/daal/lib/intel64_lin -L/opt/intel/Compiler/16.0/2.181/rwthlnk/daal/lib/ia32_lin -L/opt/intel/Compiler/16.0/2.181/rwthlnk/daal/lib/intel64_lin_mic -L/opt/intel/Compiler/16.0/2.181/rwthlnk/ipp/lib/intel64_lin -L/opt/intel/Compiler/16.0/2.181/rwthlnk/ipp/lib/ia32_lin -L/opt/intel/Compiler/16.0/2.181/rwthlnk/ipp/lib/intel64_lin_mic -L/opt/intel/Compiler/16.0/2.181/rwthlnk/mkl/lib/intel64_lin -L/opt/intel/Compiler/16.0/2.181/rwthlnk/mkl/lib/ia32_lin -L/opt/intel/Compiler/16.0/2.181/rwthlnk/mkl/lib/intel64_lin_mic -L/opt/intel/Compiler/16.0/2.181/rwthlnk/tbb/lib/intel64_lin/gcc4.4 -L/opt/intel/Compiler/16.0/2.181/rwthlnk/tbb/lib/ia32_lin/gcc4.4 -L/opt/intel/Compiler/16.0/2.181/rwthlnk/tbb/lib/intel64_lin_mic -L/rwthfs/rz/SW/intel/Compiler/16.0/2.181/compilers_and_libraries_2016.2.181/linux/compiler/lib/intel64_lin -L/usr/lib/gcc/x86_64-redhat-linux/4.8.5/ -L/usr/lib/gcc/x86_64-redhat-linux/4.8.5/../../../../lib64 -L/usr/lib/gcc/x86_64-redhat-linux/4.8.5/../../../../lib64/ -L/lib/../lib64 -L/lib/../lib64/ -L/usr/lib/../lib64 -L/usr/lib/../lib64/ -L/opt/intel/Compiler/16.0/2.181/rwthlnk/daal/lib/intel64_lin/ -L/opt/intel/Compiler/16.0/2.181/rwthlnk/daal/lib/ia32_lin/ -L/opt/intel/Compiler/16.0/2.181/rwthlnk/ipp/lib/intel64_lin/ -L/opt/intel/Compiler/16.0/2.181/rwthlnk/ipp/lib/ia32_lin/ -L/opt/intel/Compiler/16.0/2.181/rwthlnk/ipp/lib/intel64_lin_mic/ -L/opt/intel/Compiler/16.0/2.181/rwthlnk/mkl/lib/intel64_lin/ -L/opt/intel/Compiler/16.0/2.181/rwthlnk/mkl/lib/ia32_lin/ -L/opt/intel/Compiler/16.0/2.181/rwthlnk/mkl/lib/intel64_lin_mic/ -L/opt/intel/Compiler/16.0/2.181/rwthlnk/tbb/lib/intel64_lin/gcc4.4/ -L/opt/intel/Compiler/16.0/2.181/rwthlnk/tbb/lib/ia32_lin/gcc4.4/ -L/opt/intel/Compiler/16.0/2.181/rwthlnk/tbb/lib/intel64_lin_mic/ -L/usr/lib/gcc/x86_64-redhat-linux/4.8.5/../../../ -L/lib64 -L/lib/ -L/usr/lib64 -L/usr/lib CMakeFiles/cmTryCompileExec295244284.dir/CMakeCXXCompilerABI.cpp.o -Bdynamic -Bstatic -limf -lsvml -lirng -Bdynamic -lm -Bstatic -lipgo -ldecimal --as-needed -Bdynamic -lcilkrts --no-as-needed -lstdc++ -lgcc -lgcc_s -Bstatic -lirc -lsvml -Bdynamic -lc -lgcc -lgcc_s -Bstatic -lirc_s -Bdynamic -ldl -lc /usr/lib/gcc/x86_64-redhat-linux/4.8.5/crtend.o /usr/lib/gcc/x86_64-redhat-linux/4.8.5/../../../../lib64/crtn.o
gmake[1]: Leaving directory `/rwthfs/rz/cluster/home/cm654063/TopoRecognizer/build/CMakeFiles/CMakeTmp'


Parsed CXX implicit link information from above output:
  link line regex: [^( *|.*[/\])(ld|([^/\]+-)?ld|collect2)[^/\]*( |$)]
  ignore line: [Change Dir: /home/cm654063/TopoRecognizer/build/CMakeFiles/CMakeTmp]
  ignore line: []
  ignore line: [Run Build Command:/usr/local_rwth/bin/gmake "cmTryCompileExec295244284/fast"]
  ignore line: [/usr/local_rwth/bin/gmake -f CMakeFiles/cmTryCompileExec295244284.dir/build.make CMakeFiles/cmTryCompileExec295244284.dir/build]
  ignore line: [gmake[1]: Entering directory `/rwthfs/rz/cluster/home/cm654063/TopoRecognizer/build/CMakeFiles/CMakeTmp']
  ignore line: [/usr/bin/cmake -E cmake_progress_report /home/cm654063/TopoRecognizer/build/CMakeFiles/CMakeTmp/CMakeFiles 1]
  ignore line: [Building CXX object CMakeFiles/cmTryCompileExec295244284.dir/CMakeCXXCompilerABI.cpp.o]
  ignore line: [/opt/intel/Compiler/16.0/2.181/rwthlnk/bin/intel64/icpc     -o CMakeFiles/cmTryCompileExec295244284.dir/CMakeCXXCompilerABI.cpp.o -c /usr/share/cmake/Modules/CMakeCXXCompilerABI.cpp]
  ignore line: [Linking CXX executable cmTryCompileExec295244284]
  ignore line: [/usr/bin/cmake -E cmake_link_script CMakeFiles/cmTryCompileExec295244284.dir/link.txt --verbose=1]
  ignore line: [/opt/intel/Compiler/16.0/2.181/rwthlnk/bin/intel64/icpc      -v CMakeFiles/cmTryCompileExec295244284.dir/CMakeCXXCompilerABI.cpp.o  -o cmTryCompileExec295244284 -rdynamic  ]
  ignore line: [icpc version 16.0.2 (gcc version 4.8.5 compatibility)]
  ignore line: [/rwthfs/rz/SW/intel/Compiler/16.0/2.181/compilers_and_libraries_2016.2.181/linux/bin/intel64/mcpcom    -mGLOB_em64t=TRUE -mP1OPT_version=16.0-intel64 -mGLOB_diag_file=CMakeFiles/cmTryCompileExec295244284.dir/CMakeCXXCompilerABI.cpp.diag -mP1OPT_print_version=FALSE -mCG_use_gas_got_workaround=F -mP2OPT_align_option_used=TRUE -mGLOB_gcc_version=485 "-mGLOB_options_string=-v -o cmTryCompileExec295244284 -rdynamic" -mGLOB_cxx_limited_range=FALSE -mCG_extend_parms=FALSE -mGLOB_compiler_bin_directory=/rwthfs/rz/SW/intel/Compiler/16.0/2.181/compilers_and_libraries_2016.2.181/linux/bin/intel64 -mGLOB_as_output_backup_file_name=/tmp/cm654063/cluster-x_22152/icpcUgkHQ3as_.s -mGLOB_dashboard_use_source_name -mIPOPT_activate -mGLOB_product_id_code=0x22006d8e -mP3OPT_use_mspp_call_convention -mP2OPT_subs_out_of_bound=FALSE -mP2OPT_disam_type_based_disam=2 -mP2OPT_disam_assume_ansi_c -mP2OPT_checked_disam_ansi_alias=TRUE -mGLOB_ansi_alias -mPGOPTI_value_profile_use=T -mGLOB_opt_report_use_source_name -mP2OPT_il0_array_sections=TRUE -mGLOB_offload_mode=1 -mP2OPT_offload_unique_var_string=icpc01013107316543Zinbs -mP2OPT_hlo -mP2OPT_hpo_rtt_control=0 -mIPOPT_args_in_regs=0 -mP2OPT_disam_assume_nonstd_intent_in=FALSE -mGLOB_imf_mapping_library=/rwthfs/rz/SW/intel/Compiler/16.0/2.181/compilers_and_libraries_2016.2.181/linux/bin/intel64/libiml_attr.so -mPGOPTI_gen_threadsafe_level=0 -mIPOPT_link -mIPOPT_ipo_activate -mIPOPT_mo_activate -mIPOPT_source_files_list=/tmp/cm654063/cluster-x_22152/icpcslisS1FrjP -mIPOPT_mo_global_data -mIPOPT_link_script_file=/tmp/cm654063/cluster-x_22152/icpcscript79Bfuz "-mIPOPT_cmdline_link="/usr/lib/gcc/x86_64-redhat-linux/4.8.5/../../../../lib64/crt1.o" "/usr/lib/gcc/x86_64-redhat-linux/4.8.5/../../../../lib64/crti.o" "/usr/lib/gcc/x86_64-redhat-linux/4.8.5/crtbegin.o" "-export-dynamic" "--eh-frame-hdr" "--build-id" "-dynamic-linker" "/lib64/ld-linux-x86-64.so.2" "-m" "elf_x86_64" "-o" "cmTryCompileExec295244284" "-L/opt/intel/Compiler/16.0/2.181/rwthlnk/daal/lib/intel64_lin" "-L/opt/intel/Compiler/16.0/2.181/rwthlnk/daal/lib/ia32_lin" "-L/opt/intel/Compiler/16.0/2.181/rwthlnk/daal/lib/intel64_lin_mic" "-L/opt/intel/Compiler/16.0/2.181/rwthlnk/ipp/lib/intel64_lin" "-L/opt/intel/Compiler/16.0/2.181/rwthlnk/ipp/lib/ia32_lin" "-L/opt/intel/Compiler/16.0/2.181/rwthlnk/ipp/lib/intel64_lin_mic" "-L/opt/intel/Compiler/16.0/2.181/rwthlnk/mkl/lib/intel64_lin" "-L/opt/intel/Compiler/16.0/2.181/rwthlnk/mkl/lib/ia32_lin" "-L/opt/intel/Compiler/16.0/2.181/rwthlnk/mkl/lib/intel64_lin_mic" "-L/opt/intel/Compiler/16.0/2.181/rwthlnk/tbb/lib/intel64_lin/gcc4.4" "-L/opt/intel/Compiler/16.0/2.181/rwthlnk/tbb/lib/ia32_lin/gcc4.4" "-L/opt/intel/Compiler/16.0/2.181/rwthlnk/tbb/lib/intel64_lin_mic" "-L/rwthfs/rz/SW/intel/Compiler/16.0/2.181/compilers_and_libraries_2016.2.181/linux/compiler/lib/intel64_lin" "-L/usr/lib/gcc/x86_64-redhat-linux/4.8.5/" "-L/usr/lib/gcc/x86_64-redhat-linux/4.8.5/../../../../lib64" "-L/usr/lib/gcc/x86_64-redhat-linux/4.8.5/../../../../lib64/" "-L/lib/../lib64" "-L/lib/../lib64/" "-L/usr/lib/../lib64" "-L/usr/lib/../lib64/" "-L/opt/intel/Compiler/16.0/2.181/rwthlnk/daal/lib/intel64_lin/" "-L/opt/intel/Compiler/16.0/2.181/rwthlnk/daal/lib/ia32_lin/" "-L/opt/intel/Compiler/16.0/2.181/rwthlnk/ipp/lib/intel64_lin/" "-L/opt/intel/Compiler/16.0/2.181/rwthlnk/ipp/lib/ia32_lin/" "-L/opt/intel/Compiler/16.0/2.181/rwthlnk/ipp/lib/intel64_lin_mic/" "-L/opt/intel/Compiler/16.0/2.181/rwthlnk/mkl/lib/intel64_lin/" "-L/opt/intel/Compiler/16.0/2.181/rwthlnk/mkl/lib/ia32_lin/" "-L/opt/intel/Compiler/16.0/2.181/rwthlnk/mkl/lib/intel64_lin_mic/" "-L/opt/intel/Compiler/16.0/2.181/rwthlnk/tbb/lib/intel64_lin/gcc4.4/" "-L/opt/intel/Compiler/16.0/2.181/rwthlnk/tbb/lib/ia32_lin/gcc4.4/" "-L/opt/intel/Compiler/16.0/2.181/rwthlnk/tbb/lib/intel64_lin_mic/" "-L/usr/lib/gcc/x86_64-redhat-linux/4.8.5/../../../" "-L/lib64" "-L/lib/" "-L/usr/lib64" "-L/usr/lib" "CMakeFiles/cmTryCompileExec295244284.dir/CMakeCXXCompilerABI.cpp.o" "-Bdynamic" "-Bstatic" "-limf" "-lsvml" "-lirng" "-Bdynamic" "-lm" "-Bstatic" "-lipgo" "-ldecimal" "--as-needed" "-Bdynamic" "-lcilkrts" "--no-as-needed" "-lstdc++" "-lgcc" "-lgcc_s" "-Bstatic" "-lirc" "-lsvml" "-Bdynamic" "-lc" "-lgcc" "-lgcc_s" "-Bstatic" "-lirc_s" "-Bdynamic" "-ldl" "-lc" "/usr/lib/gcc/x86_64-redhat-linux/4.8.5/crtend.o" "/usr/lib/gcc/x86_64-redhat-linux/4.8.5/../../../../lib64/crtn.o"" -mIPOPT_il_in_obj -mIPOPT_ipo_activate_warn=FALSE -mIPOPT_obj_output_file_name=/tmp/cm654063/cluster-x_22152/ipo_icpcOuTJgm.o -mIPOPT_whole_archive_fixup_file_name=/tmp/cm654063/cluster-x_22152/icpcwarchWuGldw -mGLOB_linker_version=2.25.1 -mGLOB_long_size_64 -mGLOB_routine_pointer_size_64 -mGLOB_driver_tempfile_name=/tmp/cm654063/cluster-x_22152/icpctempfileZXESug -mP3OPT_asm_target=P3OPT_ASM_TARGET_GAS -mGLOB_async_unwind_tables=TRUE -mGLOB_obj_output_file=/tmp/cm654063/cluster-x_22152/ipo_icpcOuTJgm.o -mGLOB_source_dialect=GLOB_SOURCE_DIALECT_NONE -mP1OPT_source_file_name=ipo_out.c CMakeFiles/cmTryCompileExec295244284.dir/CMakeCXXCompilerABI.cpp.o -mIPOPT_object_files=T -mIPOPT_assembly_files=/tmp/cm654063/cluster-x_22152/icpcaliseB8hCQ -mIPOPT_generated_tempfiles=/tmp/cm654063/cluster-x_22152/icpcelisqnE4MA -mIPOPT_embedded_object_base_name=/tmp/cm654063/cluster-x_22152/icpceobj2LnRXk -mIPOPT_cmdline_link_new_name=/tmp/cm654063/cluster-x_22152/icpcllisgYoE84]
  link line: [ld    /usr/lib/gcc/x86_64-redhat-linux/4.8.5/../../../../lib64/crt1.o /usr/lib/gcc/x86_64-redhat-linux/4.8.5/../../../../lib64/crti.o /usr/lib/gcc/x86_64-redhat-linux/4.8.5/crtbegin.o -export-dynamic --eh-frame-hdr --build-id -dynamic-linker /lib64/ld-linux-x86-64.so.2 -m elf_x86_64 -o cmTryCompileExec295244284 -L/opt/intel/Compiler/16.0/2.181/rwthlnk/daal/lib/intel64_lin -L/opt/intel/Compiler/16.0/2.181/rwthlnk/daal/lib/ia32_lin -L/opt/intel/Compiler/16.0/2.181/rwthlnk/daal/lib/intel64_lin_mic -L/opt/intel/Compiler/16.0/2.181/rwthlnk/ipp/lib/intel64_lin -L/opt/intel/Compiler/16.0/2.181/rwthlnk/ipp/lib/ia32_lin -L/opt/intel/Compiler/16.0/2.181/rwthlnk/ipp/lib/intel64_lin_mic -L/opt/intel/Compiler/16.0/2.181/rwthlnk/mkl/lib/intel64_lin -L/opt/intel/Compiler/16.0/2.181/rwthlnk/mkl/lib/ia32_lin -L/opt/intel/Compiler/16.0/2.181/rwthlnk/mkl/lib/intel64_lin_mic -L/opt/intel/Compiler/16.0/2.181/rwthlnk/tbb/lib/intel64_lin/gcc4.4 -L/opt/intel/Compiler/16.0/2.181/rwthlnk/tbb/lib/ia32_lin/gcc4.4 -L/opt/intel/Compiler/16.0/2.181/rwthlnk/tbb/lib/intel64_lin_mic -L/rwthfs/rz/SW/intel/Compiler/16.0/2.181/compilers_and_libraries_2016.2.181/linux/compiler/lib/intel64_lin -L/usr/lib/gcc/x86_64-redhat-linux/4.8.5/ -L/usr/lib/gcc/x86_64-redhat-linux/4.8.5/../../../../lib64 -L/usr/lib/gcc/x86_64-redhat-linux/4.8.5/../../../../lib64/ -L/lib/../lib64 -L/lib/../lib64/ -L/usr/lib/../lib64 -L/usr/lib/../lib64/ -L/opt/intel/Compiler/16.0/2.181/rwthlnk/daal/lib/intel64_lin/ -L/opt/intel/Compiler/16.0/2.181/rwthlnk/daal/lib/ia32_lin/ -L/opt/intel/Compiler/16.0/2.181/rwthlnk/ipp/lib/intel64_lin/ -L/opt/intel/Compiler/16.0/2.181/rwthlnk/ipp/lib/ia32_lin/ -L/opt/intel/Compiler/16.0/2.181/rwthlnk/ipp/lib/intel64_lin_mic/ -L/opt/intel/Compiler/16.0/2.181/rwthlnk/mkl/lib/intel64_lin/ -L/opt/intel/Compiler/16.0/2.181/rwthlnk/mkl/lib/ia32_lin/ -L/opt/intel/Compiler/16.0/2.181/rwthlnk/mkl/lib/intel64_lin_mic/ -L/opt/intel/Compiler/16.0/2.181/rwthlnk/tbb/lib/intel64_lin/gcc4.4/ -L/opt/intel/Compiler/16.0/2.181/rwthlnk/tbb/lib/ia32_lin/gcc4.4/ -L/opt/intel/Compiler/16.0/2.181/rwthlnk/tbb/lib/intel64_lin_mic/ -L/usr/lib/gcc/x86_64-redhat-linux/4.8.5/../../../ -L/lib64 -L/lib/ -L/usr/lib64 -L/usr/lib CMakeFiles/cmTryCompileExec295244284.dir/CMakeCXXCompilerABI.cpp.o -Bdynamic -Bstatic -limf -lsvml -lirng -Bdynamic -lm -Bstatic -lipgo -ldecimal --as-needed -Bdynamic -lcilkrts --no-as-needed -lstdc++ -lgcc -lgcc_s -Bstatic -lirc -lsvml -Bdynamic -lc -lgcc -lgcc_s -Bstatic -lirc_s -Bdynamic -ldl -lc /usr/lib/gcc/x86_64-redhat-linux/4.8.5/crtend.o /usr/lib/gcc/x86_64-redhat-linux/4.8.5/../../../../lib64/crtn.o]
    arg [ld] ==> ignore
    arg [/usr/lib/gcc/x86_64-redhat-linux/4.8.5/../../../../lib64/crt1.o] ==> ignore
    arg [/usr/lib/gcc/x86_64-redhat-linux/4.8.5/../../../../lib64/crti.o] ==> ignore
    arg [/usr/lib/gcc/x86_64-redhat-linux/4.8.5/crtbegin.o] ==> ignore
    arg [-export-dynamic] ==> ignore
    arg [--eh-frame-hdr] ==> ignore
    arg [--build-id] ==> ignore
    arg [-dynamic-linker] ==> ignore
    arg [/lib64/ld-linux-x86-64.so.2] ==> ignore
    arg [-m] ==> ignore
    arg [elf_x86_64] ==> ignore
    arg [-o] ==> ignore
    arg [cmTryCompileExec295244284] ==> ignore
    arg [-L/opt/intel/Compiler/16.0/2.181/rwthlnk/daal/lib/intel64_lin] ==> dir [/opt/intel/Compiler/16.0/2.181/rwthlnk/daal/lib/intel64_lin]
    arg [-L/opt/intel/Compiler/16.0/2.181/rwthlnk/daal/lib/ia32_lin] ==> dir [/opt/intel/Compiler/16.0/2.181/rwthlnk/daal/lib/ia32_lin]
    arg [-L/opt/intel/Compiler/16.0/2.181/rwthlnk/daal/lib/intel64_lin_mic] ==> dir [/opt/intel/Compiler/16.0/2.181/rwthlnk/daal/lib/intel64_lin_mic]
    arg [-L/opt/intel/Compiler/16.0/2.181/rwthlnk/ipp/lib/intel64_lin] ==> dir [/opt/intel/Compiler/16.0/2.181/rwthlnk/ipp/lib/intel64_lin]
    arg [-L/opt/intel/Compiler/16.0/2.181/rwthlnk/ipp/lib/ia32_lin] ==> dir [/opt/intel/Compiler/16.0/2.181/rwthlnk/ipp/lib/ia32_lin]
    arg [-L/opt/intel/Compiler/16.0/2.181/rwthlnk/ipp/lib/intel64_lin_mic] ==> dir [/opt/intel/Compiler/16.0/2.181/rwthlnk/ipp/lib/intel64_lin_mic]
    arg [-L/opt/intel/Compiler/16.0/2.181/rwthlnk/mkl/lib/intel64_lin] ==> dir [/opt/intel/Compiler/16.0/2.181/rwthlnk/mkl/lib/intel64_lin]
    arg [-L/opt/intel/Compiler/16.0/2.181/rwthlnk/mkl/lib/ia32_lin] ==> dir [/opt/intel/Compiler/16.0/2.181/rwthlnk/mkl/lib/ia32_lin]
    arg [-L/opt/intel/Compiler/16.0/2.181/rwthlnk/mkl/lib/intel64_lin_mic] ==> dir [/opt/intel/Compiler/16.0/2.181/rwthlnk/mkl/lib/intel64_lin_mic]
    arg [-L/opt/intel/Compiler/16.0/2.181/rwthlnk/tbb/lib/intel64_lin/gcc4.4] ==> dir [/opt/intel/Compiler/16.0/2.181/rwthlnk/tbb/lib/intel64_lin/gcc4.4]
    arg [-L/opt/intel/Compiler/16.0/2.181/rwthlnk/tbb/lib/ia32_lin/gcc4.4] ==> dir [/opt/intel/Compiler/16.0/2.181/rwthlnk/tbb/lib/ia32_lin/gcc4.4]
    arg [-L/opt/intel/Compiler/16.0/2.181/rwthlnk/tbb/lib/intel64_lin_mic] ==> dir [/opt/intel/Compiler/16.0/2.181/rwthlnk/tbb/lib/intel64_lin_mic]
    arg [-L/rwthfs/rz/SW/intel/Compiler/16.0/2.181/compilers_and_libraries_2016.2.181/linux/compiler/lib/intel64_lin] ==> dir [/rwthfs/rz/SW/intel/Compiler/16.0/2.181/compilers_and_libraries_2016.2.181/linux/compiler/lib/intel64_lin]
    arg [-L/usr/lib/gcc/x86_64-redhat-linux/4.8.5/] ==> dir [/usr/lib/gcc/x86_64-redhat-linux/4.8.5/]
    arg [-L/usr/lib/gcc/x86_64-redhat-linux/4.8.5/../../../../lib64] ==> dir [/usr/lib/gcc/x86_64-redhat-linux/4.8.5/../../../../lib64]
    arg [-L/usr/lib/gcc/x86_64-redhat-linux/4.8.5/../../../../lib64/] ==> dir [/usr/lib/gcc/x86_64-redhat-linux/4.8.5/../../../../lib64/]
    arg [-L/lib/../lib64] ==> dir [/lib/../lib64]
    arg [-L/lib/../lib64/] ==> dir [/lib/../lib64/]
    arg [-L/usr/lib/../lib64] ==> dir [/usr/lib/../lib64]
    arg [-L/usr/lib/../lib64/] ==> dir [/usr/lib/../lib64/]
    arg [-L/opt/intel/Compiler/16.0/2.181/rwthlnk/daal/lib/intel64_lin/] ==> dir [/opt/intel/Compiler/16.0/2.181/rwthlnk/daal/lib/intel64_lin/]
    arg [-L/opt/intel/Compiler/16.0/2.181/rwthlnk/daal/lib/ia32_lin/] ==> dir [/opt/intel/Compiler/16.0/2.181/rwthlnk/daal/lib/ia32_lin/]
    arg [-L/opt/intel/Compiler/16.0/2.181/rwthlnk/ipp/lib/intel64_lin/] ==> dir [/opt/intel/Compiler/16.0/2.181/rwthlnk/ipp/lib/intel64_lin/]
    arg [-L/opt/intel/Compiler/16.0/2.181/rwthlnk/ipp/lib/ia32_lin/] ==> dir [/opt/intel/Compiler/16.0/2.181/rwthlnk/ipp/lib/ia32_lin/]
    arg [-L/opt/intel/Compiler/16.0/2.181/rwthlnk/ipp/lib/intel64_lin_mic/] ==> dir [/opt/intel/Compiler/16.0/2.181/rwthlnk/ipp/lib/intel64_lin_mic/]
    arg [-L/opt/intel/Compiler/16.0/2.181/rwthlnk/mkl/lib/intel64_lin/] ==> dir [/opt/intel/Compiler/16.0/2.181/rwthlnk/mkl/lib/intel64_lin/]
    arg [-L/opt/intel/Compiler/16.0/2.181/rwthlnk/mkl/lib/ia32_lin/] ==> dir [/opt/intel/Compiler/16.0/2.181/rwthlnk/mkl/lib/ia32_lin/]
    arg [-L/opt/intel/Compiler/16.0/2.181/rwthlnk/mkl/lib/intel64_lin_mic/] ==> dir [/opt/intel/Compiler/16.0/2.181/rwthlnk/mkl/lib/intel64_lin_mic/]
    arg [-L/opt/intel/Compiler/16.0/2.181/rwthlnk/tbb/lib/intel64_lin/gcc4.4/] ==> dir [/opt/intel/Compiler/16.0/2.181/rwthlnk/tbb/lib/intel64_lin/gcc4.4/]
    arg [-L/opt/intel/Compiler/16.0/2.181/rwthlnk/tbb/lib/ia32_lin/gcc4.4/] ==> dir [/opt/intel/Compiler/16.0/2.181/rwthlnk/tbb/lib/ia32_lin/gcc4.4/]
    arg [-L/opt/intel/Compiler/16.0/2.181/rwthlnk/tbb/lib/intel64_lin_mic/] ==> dir [/opt/intel/Compiler/16.0/2.181/rwthlnk/tbb/lib/intel64_lin_mic/]
    arg [-L/usr/lib/gcc/x86_64-redhat-linux/4.8.5/../../../] ==> dir [/usr/lib/gcc/x86_64-redhat-linux/4.8.5/../../../]
    arg [-L/lib64] ==> dir [/lib64]
    arg [-L/lib/] ==> dir [/lib/]
    arg [-L/usr/lib64] ==> dir [/usr/lib64]
    arg [-L/usr/lib] ==> dir [/usr/lib]
    arg [CMakeFiles/cmTryCompileExec295244284.dir/CMakeCXXCompilerABI.cpp.o] ==> ignore
    arg [-Bdynamic] ==> ignore
    arg [-Bstatic] ==> ignore
    arg [-limf] ==> lib [imf]
    arg [-lsvml] ==> lib [svml]
    arg [-lirng] ==> lib [irng]
    arg [-Bdynamic] ==> ignore
    arg [-lm] ==> lib [m]
    arg [-Bstatic] ==> ignore
    arg [-lipgo] ==> lib [ipgo]
    arg [-ldecimal] ==> lib [decimal]
    arg [--as-needed] ==> ignore
    arg [-Bdynamic] ==> ignore
    arg [-lcilkrts] ==> lib [cilkrts]
    arg [--no-as-needed] ==> ignore
    arg [-lstdc++] ==> lib [stdc++]
    arg [-lgcc] ==> lib [gcc]
    arg [-lgcc_s] ==> lib [gcc_s]
    arg [-Bstatic] ==> ignore
    arg [-lirc] ==> lib [irc]
    arg [-lsvml] ==> lib [svml]
    arg [-Bdynamic] ==> ignore
    arg [-lc] ==> lib [c]
    arg [-lgcc] ==> lib [gcc]
    arg [-lgcc_s] ==> lib [gcc_s]
    arg [-Bstatic] ==> ignore
    arg [-lirc_s] ==> lib [irc_s]
    arg [-Bdynamic] ==> ignore
    arg [-ldl] ==> lib [dl]
    arg [-lc] ==> lib [c]
    arg [/usr/lib/gcc/x86_64-redhat-linux/4.8.5/crtend.o] ==> ignore
    arg [/usr/lib/gcc/x86_64-redhat-linux/4.8.5/../../../../lib64/crtn.o] ==> ignore
  remove lib [gcc]
  remove lib [gcc_s]
  remove lib [gcc]
  remove lib [gcc_s]
  collapse library dir [/opt/intel/Compiler/16.0/2.181/rwthlnk/daal/lib/intel64_lin] ==> [/opt/intel/Compiler/16.0/2.181/rwthlnk/daal/lib/intel64_lin]
  collapse library dir [/opt/intel/Compiler/16.0/2.181/rwthlnk/daal/lib/ia32_lin] ==> [/opt/intel/Compiler/16.0/2.181/rwthlnk/daal/lib/ia32_lin]
  collapse library dir [/opt/intel/Compiler/16.0/2.181/rwthlnk/daal/lib/intel64_lin_mic] ==> [/opt/intel/Compiler/16.0/2.181/rwthlnk/daal/lib/intel64_lin_mic]
  collapse library dir [/opt/intel/Compiler/16.0/2.181/rwthlnk/ipp/lib/intel64_lin] ==> [/opt/intel/Compiler/16.0/2.181/rwthlnk/ipp/lib/intel64_lin]
  collapse library dir [/opt/intel/Compiler/16.0/2.181/rwthlnk/ipp/lib/ia32_lin] ==> [/opt/intel/Compiler/16.0/2.181/rwthlnk/ipp/lib/ia32_lin]
  collapse library dir [/opt/intel/Compiler/16.0/2.181/rwthlnk/ipp/lib/intel64_lin_mic] ==> [/opt/intel/Compiler/16.0/2.181/rwthlnk/ipp/lib/intel64_lin_mic]
  collapse library dir [/opt/intel/Compiler/16.0/2.181/rwthlnk/mkl/lib/intel64_lin] ==> [/opt/intel/Compiler/16.0/2.181/rwthlnk/mkl/lib/intel64_lin]
  collapse library dir [/opt/intel/Compiler/16.0/2.181/rwthlnk/mkl/lib/ia32_lin] ==> [/opt/intel/Compiler/16.0/2.181/rwthlnk/mkl/lib/ia32_lin]
  collapse library dir [/opt/intel/Compiler/16.0/2.181/rwthlnk/mkl/lib/intel64_lin_mic] ==> [/opt/intel/Compiler/16.0/2.181/rwthlnk/mkl/lib/intel64_lin_mic]
  collapse library dir [/opt/intel/Compiler/16.0/2.181/rwthlnk/tbb/lib/intel64_lin/gcc4.4] ==> [/opt/intel/Compiler/16.0/2.181/rwthlnk/tbb/lib/intel64_lin/gcc4.4]
  collapse library dir [/opt/intel/Compiler/16.0/2.181/rwthlnk/tbb/lib/ia32_lin/gcc4.4] ==> [/opt/intel/Compiler/16.0/2.181/rwthlnk/tbb/lib/ia32_lin/gcc4.4]
  collapse library dir [/opt/intel/Compiler/16.0/2.181/rwthlnk/tbb/lib/intel64_lin_mic] ==> [/opt/intel/Compiler/16.0/2.181/rwthlnk/tbb/lib/intel64_lin_mic]
  collapse library dir [/rwthfs/rz/SW/intel/Compiler/16.0/2.181/compilers_and_libraries_2016.2.181/linux/compiler/lib/intel64_lin] ==> [/rwthfs/rz/SW/intel/Compiler/16.0/2.181/compilers_and_libraries_2016.2.181/linux/compiler/lib/intel64_lin]
  collapse library dir [/usr/lib/gcc/x86_64-redhat-linux/4.8.5/] ==> [/usr/lib/gcc/x86_64-redhat-linux/4.8.5]
  collapse library dir [/usr/lib/gcc/x86_64-redhat-linux/4.8.5/../../../../lib64] ==> [/usr/lib64]
  collapse library dir [/usr/lib/gcc/x86_64-redhat-linux/4.8.5/../../../../lib64/] ==> [/usr/lib64]
  collapse library dir [/lib/../lib64] ==> [/lib64]
  collapse library dir [/lib/../lib64/] ==> [/lib64]
  collapse library dir [/usr/lib/../lib64] ==> [/usr/lib64]
  collapse library dir [/usr/lib/../lib64/] ==> [/usr/lib64]
  collapse library dir [/opt/intel/Compiler/16.0/2.181/rwthlnk/daal/lib/intel64_lin/] ==> [/opt/intel/Compiler/16.0/2.181/rwthlnk/daal/lib/intel64_lin]
  collapse library dir [/opt/intel/Compiler/16.0/2.181/rwthlnk/daal/lib/ia32_lin/] ==> [/opt/intel/Compiler/16.0/2.181/rwthlnk/daal/lib/ia32_lin]
  collapse library dir [/opt/intel/Compiler/16.0/2.181/rwthlnk/ipp/lib/intel64_lin/] ==> [/opt/intel/Compiler/16.0/2.181/rwthlnk/ipp/lib/intel64_lin]
  collapse library dir [/opt/intel/Compiler/16.0/2.181/rwthlnk/ipp/lib/ia32_lin/] ==> [/opt/intel/Compiler/16.0/2.181/rwthlnk/ipp/lib/ia32_lin]
  collapse library dir [/opt/intel/Compiler/16.0/2.181/rwthlnk/ipp/lib/intel64_lin_mic/] ==> [/opt/intel/Compiler/16.0/2.181/rwthlnk/ipp/lib/intel64_lin_mic]
  collapse library dir [/opt/intel/Compiler/16.0/2.181/rwthlnk/mkl/lib/intel64_lin/] ==> [/opt/intel/Compiler/16.0/2.181/rwthlnk/mkl/lib/intel64_lin]
  collapse library dir [/opt/intel/Compiler/16.0/2.181/rwthlnk/mkl/lib/ia32_lin/] ==> [/opt/intel/Compiler/16.0/2.181/rwthlnk/mkl/lib/ia32_lin]
  collapse library dir [/opt/intel/Compiler/16.0/2.181/rwthlnk/mkl/lib/intel64_lin_mic/] ==> [/opt/intel/Compiler/16.0/2.181/rwthlnk/mkl/lib/intel64_lin_mic]
  collapse library dir [/opt/intel/Compiler/16.0/2.181/rwthlnk/tbb/lib/intel64_lin/gcc4.4/] ==> [/opt/intel/Compiler/16.0/2.181/rwthlnk/tbb/lib/intel64_lin/gcc4.4]
  collapse library dir [/opt/intel/Compiler/16.0/2.181/rwthlnk/tbb/lib/ia32_lin/gcc4.4/] ==> [/opt/intel/Compiler/16.0/2.181/rwthlnk/tbb/lib/ia32_lin/gcc4.4]
  collapse library dir [/opt/intel/Compiler/16.0/2.181/rwthlnk/tbb/lib/intel64_lin_mic/] ==> [/opt/intel/Compiler/16.0/2.181/rwthlnk/tbb/lib/intel64_lin_mic]
  collapse library dir [/usr/lib/gcc/x86_64-redhat-linux/4.8.5/../../../] ==> [/usr/lib]
  collapse library dir [/lib64] ==> [/lib64]
  collapse library dir [/lib/] ==> [/lib]
  collapse library dir [/usr/lib64] ==> [/usr/lib64]
  collapse library dir [/usr/lib] ==> [/usr/lib]
  implicit libs: [imf;svml;irng;m;ipgo;decimal;cilkrts;stdc++;irc;svml;c;irc_s;dl;c]
  implicit dirs: [/opt/intel/Compiler/16.0/2.181/rwthlnk/daal/lib/intel64_lin;/opt/intel/Compiler/16.0/2.181/rwthlnk/daal/lib/ia32_lin;/opt/intel/Compiler/16.0/2.181/rwthlnk/daal/lib/intel64_lin_mic;/opt/intel/Compiler/16.0/2.181/rwthlnk/ipp/lib/intel64_lin;/opt/intel/Compiler/16.0/2.181/rwthlnk/ipp/lib/ia32_lin;/opt/intel/Compiler/16.0/2.181/rwthlnk/ipp/lib/intel64_lin_mic;/opt/intel/Compiler/16.0/2.181/rwthlnk/mkl/lib/intel64_lin;/opt/intel/Compiler/16.0/2.181/rwthlnk/mkl/lib/ia32_lin;/opt/intel/Compiler/16.0/2.181/rwthlnk/mkl/lib/intel64_lin_mic;/opt/intel/Compiler/16.0/2.181/rwthlnk/tbb/lib/intel64_lin/gcc4.4;/opt/intel/Compiler/16.0/2.181/rwthlnk/tbb/lib/ia32_lin/gcc4.4;/opt/intel/Compiler/16.0/2.181/rwthlnk/tbb/lib/intel64_lin_mic;/rwthfs/rz/SW/intel/Compiler/16.0/2.181/compilers_and_libraries_2016.2.181/linux/compiler/lib/intel64_lin;/usr/lib/gcc/x86_64-redhat-linux/4.8.5;/usr/lib64;/lib64;/usr/lib;/lib]
  implicit fwks: []


